Command line:
   music_player_tb_isim_beh.exe
     -simmode  gui
     -simrunnum  0
     -socket  53465

Tue Nov 08 10:59:34 2016


 Elaboration Time: 0.218401 sec

 Current Memory Usage: 796.885 Meg

 Total Signals          : 178
 Total Nets             : 19607
 Total Signal Drivers   : 1284
 Total Blocks           : 28
 Total Primitive Blocks : 19
 Total Processes        : 1308
 Total Traceable Variables  : 65
 Total Scalar Nets and Variables : 20581
Total Line Count : 1431
Total Line Count : 1431

 Total Simulation Time: 41.1843 sec

 Current Memory Usage: 797.934 Meg

Tue Nov 08 11:13:51 2016

