Command line:
   wave_display_tb_isim_beh.exe
     -simmode  gui
     -simrunnum  0
     -socket  51048

Tue Nov 08 01:29:26 2016


 Elaboration Time: 0.109202 sec

 Current Memory Usage: 655.995 Meg

 Total Signals          : 46
 Total Nets             : 4206
 Total Signal Drivers   : 28
 Total Blocks           : 6
 Total Primitive Blocks : 4
 Total Processes        : 32
 Total Traceable Variables  : 29
 Total Scalar Nets and Variables : 4400
Total Line Count : 58

 Total Simulation Time: 0.124802 sec

 Current Memory Usage: 971.616 Meg

Tue Nov 08 01:30:10 2016

