Command line:
   wave_capture_tb_isim_beh.exe
     -simmode  gui
     -simrunnum  0
     -socket  64540

Tue Nov 08 00:43:19 2016


 Elaboration Time: 0.124801 sec

 Current Memory Usage: 655.54 Meg

 Total Signals          : 42
 Total Nets             : 106
 Total Signal Drivers   : 22
 Total Blocks           : 7
 Total Primitive Blocks : 5
 Total Processes        : 30
 Total Traceable Variables  : 35
 Total Scalar Nets and Variables : 388
Total Line Count : 112

 Total Simulation Time: 0.187201 sec

 Current Memory Usage: 655.54 Meg

Tue Nov 08 00:43:45 2016

